Run started on:
	Date: 2017/10/3
	Time: 17:3:45
Reading parameters from /home/chris/Software/MolecularTools/tinker/params/amoebapro13.prm

Reading tinker files for region 1 from /home/chris/git_repo/pygbe_cdcooper/examples/1pgb_polarize//1pgb

Reading surface 0 from file 1pgb_d01
Time load mesh: 0.067945
Removed areas=0: 0

Total elements : 8220
Total equations: 16440
----------------------------
1 surfaces:

Surface 0:
	8220 elements
	Surface type       : dielectric_interface
	Cells              : 51
	Twigs              : 42
	Levels             : 3
	C0 size            : 21.904964
	C0 box center      : 8.749565, 12.967401, 17.755049
	Twig cell size     : 5.476241
	Rbox/theta         : 10.952482
	Analytic distance  : 1.792660
	Elem. per sq Ang   : 2.206943
	Max, min, avg elem.: 1.57896090592, 2.61963737948e-05, 0.453115503983
	Total area         : 3724.609443
----------------------------

2 regions:

Region 0:
	Laplace or Yukawa: 2
	kappa            : 0.125
	dielectric const : 80.0
	Number of charges: 0
	Parent surface   : []
	Child surfaces   : [0]
Region 1:
	Laplace or Yukawa: 1
	kappa            : 1e-12
	dielectric const : 4.0
	Number of charges: 927
	Parent surface   : [0]
	Child surfaces   : []
----------------------------

Parameters:
	Data type               : <type 'numpy.float64'>
	Use GPU                 : 1
	P                       : 3
	threshold               : 0.50
	theta                   : 0.50
	NCRIT                   : 500
	CUDA block size         : 128
	Gauss points per element: 1
	Gauss points near singlr: 19
	1D Gauss points per side: 9
	GMRES tolerance         : 0.0001
	GMRES max iterations    : 1000
	GMRES restart iteration : 200
----------------------------

Generate interaction list
Transfer data to GPU
List time          : 0.004983s
Data transfer time : 0.005453s
------------------------------
Total setup time   : 0.508675s


Self-consistent iteration 1
Generate RHS
Solve
Analytical integrals: 54 of 8220, 0%
iteration: 1, rel resid: 0.0715315849628
iteration: 2, rel resid: 0.0370198464175
iteration: 3, rel resid: 0.00783809081323
iteration: 4, rel resid: 0.00422380635594
iteration: 5, rel resid: 0.00311926817164
iteration: 6, rel resid: 0.00283685289423
iteration: 7, rel resid: 0.00185818570681
iteration: 8, rel resid: 0.0012310438751
iteration: 9, rel resid: 0.000947167207834
iteration: 10, rel resid: 0.00082501863933
iteration: 11, rel resid: 0.000825008274633
iteration: 12, rel resid: 0.000824969769636
iteration: 13, rel resid: 0.000794800171664
iteration: 14, rel resid: 0.000700711611855
iteration: 15, rel resid: 0.000499713928665
iteration: 16, rel resid: 0.000245362939272
iteration: 17, rel resid: 0.00016911574614
iteration: 18, rel resid: 0.000121939149794
iteration: 19, rel resid: 8.74393699537e-05
GMRES solve
Converged after 19 iterations to a residual of 8.74393699537e-05
Time weight vector: 0.081891
Time sort         : 0.010990
Time data transfer: 0.058746
Time P2M          : 0.089174
Time M2M          : 0.007877
Time M2P          : 0.112973
Time P2P          : 2.057457
	Time analy: 0.000000

Self-consistent iteration 2
Generate RHS
Solve
Analytical integrals: 1145 of 8220, 13%
iteration: 1, rel resid: 0.000441104894517
iteration: 2, rel resid: 0.000320765632828
iteration: 3, rel resid: 0.000223900485551
iteration: 4, rel resid: 0.000166190644242
iteration: 5, rel resid: 0.000114974147519
iteration: 6, rel resid: 9.74070465794e-05
GMRES solve
Converged after 6 iterations to a residual of 9.74070465794e-05
Time weight vector: 0.110410
Time sort         : 0.014482
Time data transfer: 0.079989
Time P2M          : 0.120367
Time M2M          : 0.010765
Time M2P          : 0.152188
Time P2P          : 2.777641
	Time analy: 0.000000

Self-consistent iteration 3
Generate RHS
Solve
Analytical integrals: 1527 of 8220, 18%
iteration: 1, rel resid: 9.73364192193e-05
GMRES solve
Converged after 1 iterations to a residual of 9.73364192193e-05
Time weight vector: 0.120253
Time sort         : 0.015647
Time data transfer: 0.087387
Time P2M          : 0.130740
Time M2M          : 0.011854
Time M2P          : 0.165340
Time P2P          : 2.983632
	Time analy: 0.000000
Took 3 iterations for induced dipole in dissolved state to converge
RHS generation time: 5.227275s
Solve time         : 3.596483s

Calculate Esolv
Calculating solvation energy for region 1, stored in E_solv[0]
4157 of 8220 analytical integrals for phi_reac calculation in region 1
Time Esolv: 11.701591s
Region 1: Esolv = -349.484033 kcal/mol = -1462.241195 kJ/mol

Calculate Esurf
Time Esurf: 0.014904s

Calculate Ecoul
Calculate Coulomb energy in dissolved state for region 1
Calculate vacuum induced dipole
7 iterations for vacuum induced dipole to converge
Calculate Coulomb energy in vacuum for region 1
Region 1: Ecoul = -4442.196654 kcal/mol = -18586.150799 kJ/mol
Time Ecoul: 4.032397s

--------------------------------
Totals:
Note: if multipoles are polarizables, energy calculations
      have the polarization energy substracted out
Esolv                  = -349.484033 kcal/mol
Ecoul_diss             = -4442.196654 kcal/mol
Ecoul_vac              = -4443.002483 kcal/mol
----------------------------------------------
Total solvation energy = -348.678204 kcal/mol
Esurf      = 0.000000 kcal/mol

Time = 36.267029 s
