Run started on:
	Date: 2017/10/3
	Time: 11:35:13
Reading parameters from /home/chris/Software/MolecularTools/tinker/params/amoebapro13.prm

Reading tinker files for region 1 from /home/chris/git_repo/pygbe_cdcooper/examples/1pgb_polarize//1pgb

Reading surface 0 from file 1pgb_d01
Time load mesh: 0.067340
Removed areas=0: 0

Total elements : 8220
Total equations: 16440
----------------------------
1 surfaces:

Surface 0:
	8220 elements
	Surface type       : dielectric_interface
	Cells              : 51
	Twigs              : 42
	Levels             : 3
	C0 size            : 21.904964
	C0 box center      : 8.749565, 12.967401, 17.755049
	Twig cell size     : 5.476241
	Rbox/theta         : 10.952482
	Analytic distance  : 1.792660
	Elem. per sq Ang   : 2.206943
	Max, min, avg elem.: 1.57896090592, 2.61963737948e-05, 0.453115503983
	Total area         : 3724.609443
----------------------------

2 regions:

Region 0:
	Laplace or Yukawa: 2
	kappa            : 0.125
	dielectric const : 80.0
	Number of charges: 0
	Parent surface   : []
	Child surfaces   : [0]
Region 1:
	Laplace or Yukawa: 1
	kappa            : 1e-12
	dielectric const : 4.0
	Number of charges: 927
	Parent surface   : [0]
	Child surfaces   : []
----------------------------

Parameters:
	Data type               : <type 'numpy.float64'>
	Use GPU                 : 1
	P                       : 3
	threshold               : 0.50
	theta                   : 0.50
	NCRIT                   : 500
	CUDA block size         : 128
	Gauss points per element: 1
	Gauss points near singlr: 19
	1D Gauss points per side: 9
	GMRES tolerance         : 0.0001
	GMRES max iterations    : 1000
	GMRES restart iteration : 200
----------------------------

Generate interaction list
Transfer data to GPU
List time          : 0.008033s
Data transfer time : 0.008253s
------------------------------
Total setup time   : 0.495490s


Self-consistent iteration 1
Generate RHS
Solve
Analytical integrals: 54 of 8220, 0%
iteration: 1, rel resid: 0.0715315849628
iteration: 2, rel resid: 0.0370198464175
iteration: 3, rel resid: 0.00783809081323
iteration: 4, rel resid: 0.00422380635594
iteration: 5, rel resid: 0.00311926817164
iteration: 6, rel resid: 0.00283685289423
iteration: 7, rel resid: 0.00185818570681
iteration: 8, rel resid: 0.0012310438751
iteration: 9, rel resid: 0.000947167207834
iteration: 10, rel resid: 0.00082501863933
iteration: 11, rel resid: 0.000825008274633
iteration: 12, rel resid: 0.000824969769636
iteration: 13, rel resid: 0.000794800171664
iteration: 14, rel resid: 0.000700711611855
iteration: 15, rel resid: 0.000499713928665
iteration: 16, rel resid: 0.000245362939272
iteration: 17, rel resid: 0.00016911574614
iteration: 18, rel resid: 0.000121939149794
iteration: 19, rel resid: 8.74393699537e-05
GMRES solve
Converged after 19 iterations to a residual of 8.74393699537e-05
Time weight vector: 0.082042
Time sort         : 0.011157
Time data transfer: 0.058488
Time P2M          : 0.089498
Time M2M          : 0.008033
Time M2P          : 0.116582
Time P2P          : 2.057111
	Time analy: 0.000000
[ 0.00017182  0.00019361  0.00020684 ..., -0.0042496  -0.00500154
 -0.00516126]
[ -1.62954407e-02  -8.43486934e-05   4.18266453e-03]
[ 0.01072406 -0.00590035  0.00875618]
[-0.02833342 -0.02578363  0.00565594]
[-0.0106233  -0.00720218 -0.00480066]
[ 0.0165036  -0.00639927  0.03247507]
[ 0.00190811  0.0041992   0.0063114 ]
[ 0.00030329 -0.00612788  0.00196263]
[-0.00108871 -0.00518217 -0.00283166]
[ 0.00250483  0.00515737 -0.00392523]
[ 0.00281303 -0.00025992 -0.00026647]
[ 0.00415102  0.00212913  0.00822298]
[-0.00367814 -0.0119382   0.0009632 ]
[ 0.0054381   0.00181788 -0.00410119]
[ 0.00569996 -0.00168432  0.0046654 ]
[-0.00114014 -0.00056759  0.00401642]
[-0.00012266  0.00399032  0.00480194]
[-0.00244822 -0.00067635 -0.00132547]
[-0.00072343  0.0008442  -0.00078015]
[-0.00098184 -0.00154166  0.00095403]
[ 0.00101735 -0.00541421  0.00731692]
[ 0.00180973  0.01266641  0.00326183]
[ 0.03011673  0.00262138 -0.00517658]
[ 0.01303157 -0.00096405 -0.0042389 ]
[-0.00132703  0.00171081 -0.0070293 ]
[ 0.00745183  0.00290227 -0.00826021]
[-0.00283966 -0.00021366  0.01082809]
[-0.00207594 -0.0007944  -0.00061061]
[ 0.0073755  -0.00330688  0.01660112]
[ 0.00542844 -0.00074916 -0.00175146]
[-0.01186272 -0.0020683   0.00917692]
[-0.00100464 -0.00339877  0.00210465]
[ 0.00126356  0.00026234 -0.00256073]
[-0.00052134  0.00271881  0.00359792]
[-0.00014648  0.01150047 -0.00592712]
[-0.00254278  0.00143016  0.01476869]
[-0.02820879  0.02636641  0.0265797 ]
[-0.00724012  0.00930702  0.00047618]
[-0.00038221  0.00253986 -0.01046767]
[-0.00475377  0.00155913  0.00491385]
[ 0.00244782 -0.00753843 -0.00272828]
[-0.00164669 -0.00678023  0.00745221]
[ 0.00940905 -0.00702615 -0.01152398]
[ 0.00102722 -0.00194869  0.0086557 ]
[ 0.00238102 -0.01352007  0.01750805]
[-0.00091977 -0.00907965  0.00212636]
[ 0.00680887 -0.00649612  0.01366965]
[ 0.01405369 -0.00992779  0.00057595]
[-0.0028355   0.00084201  0.00512757]
[ 0.00114596  0.00065133 -0.00235073]
[-0.00411536 -0.00031541  0.00358749]
[ 0.00296362  0.00082751  0.00131493]
[-0.00240414  0.00030311  0.00223941]
[-0.00053526  0.00171261  0.0030795 ]
[ 0.00366496  0.0009959   0.0018234 ]
[ 0.00259512 -0.00158853  0.01364098]
[ 0.0011793   0.00463216  0.00202058]
[ 0.02081678 -0.01051181  0.01245188]
[ 0.00429167 -0.00686282 -0.00049413]
[-0.00515441  0.0013269  -0.00477076]
[ 0.00431779 -0.00369946 -0.00830953]
[-0.00052765 -0.00215378  0.00485004]
[-0.0030263  -0.00402181  0.00435417]
[-0.00422176  0.00607937 -0.00966949]
[-0.00271474 -0.00812934 -0.00103475]
[ 0.00687431  0.00328271  0.00711151]
[-0.00317432 -0.00139286  0.00059409]
[ 0.00137327  0.00465503 -0.00080118]
[ 0.0028287  -0.00413912 -0.00487714]
[ 0.00450241  0.00354769  0.00487264]
[-0.00257827  0.00021094  0.00208088]
[ 0.00466829 -0.00312791 -0.00033312]
[ 0.00485293  0.0031548  -0.00268263]
[ 0.00478647  0.00777647  0.0024259 ]
[ 0.00012247 -0.00073852 -0.00231149]
[-0.00539774 -0.00025875 -0.00114773]
[ 0.00079375 -0.00084631 -0.00040282]
[ 0.01055296  0.00421092 -0.00224442]
[ 0.00238876  0.00083099  0.01400528]
[-0.01616966  0.03226911 -0.00118507]
[-0.00133726  0.00711883 -0.00381615]
[ 0.00526594 -0.01060525 -0.00341961]
[-0.00223916  0.00500104 -0.00121576]
[ 0.00068875 -0.00632957 -0.01102044]
[-0.00194798  0.00342202  0.00199658]
[-0.00336374 -0.00050369  0.00329261]
[ 0.00044447 -0.00086074  0.00225748]
[ 0.00300315 -0.00446937 -0.00549716]
[-0.00272423 -0.00770416  0.00273418]
[-0.00279984 -0.00054253 -0.00036647]
[  3.78058283e-05   1.19517610e-03   2.47906885e-03]
[-0.0012082  -0.00450793  0.00354413]
[-0.00484341  0.00051604  0.00074743]
[ 0.00068638  0.00118841  0.00278908]
[ 0.00169012 -0.0023079  -0.0017882 ]
[-0.00159661 -0.00429286  0.00396998]
[-0.00129303 -0.00111392  0.01038004]
[ 0.00641281  0.00668845  0.00284492]
[ 0.01371185 -0.01183112  0.00327746]
[ 0.00301781 -0.00801211 -0.00192469]
[-0.00167327  0.00016655 -0.01047441]
[ 0.0016834  -0.00636118 -0.00179219]
[ 0.00227947  0.00596424  0.01144344]
[ 0.0021443  -0.00360318 -0.00382827]
[ 0.00145994 -0.00272386  0.00711228]
[ 0.00617443  0.00129767 -0.00798742]
[ 0.00147855 -0.00024279  0.00285697]
[ -8.55352856e-05  -1.55565160e-03   2.04253819e-03]
[ 0.00083723 -0.00708376  0.00068374]
[-0.0055547   0.00115736  0.00117   ]
[ 0.00072448 -0.00282489 -0.00156831]
[ 0.00266326  0.00241375  0.00166027]
[ 0.00241876  0.00149448 -0.00299594]
[ 0.00071223  0.00031818 -0.00038312]
[ 0.0002449   0.00082145 -0.00293685]
[ 0.00511255 -0.00253471 -0.00686757]
[ 0.00402042  0.00222948  0.01337445]
[ 0.00178323  0.0190099  -0.02545044]
[ 0.00089496  0.00359067 -0.00563575]
[ -8.78258412e-05  -1.13002316e-02  -5.04064795e-03]
[ 0.0006309  -0.0015436  -0.00649018]
[-0.00117984  0.00022139 -0.00067643]
[-0.01290225  0.00381177  0.00289065]
[-0.00311059  0.00022642  0.00322973]
[-0.00286087  0.00195131  0.00222515]
[ 0.0038863   0.00152881  0.0047773 ]
[-0.00187222 -0.00535443  0.00376637]
[ -7.48621178e-003  -2.54001092e+149   3.29308081e-003]
[-0.00413101  0.001679    0.00571734]
[ 0.00153718 -0.0006221   0.00273025]
[-0.00325077 -0.0028283  -0.00035551]
[-0.00460086  0.00097573  0.0055146 ]
[-0.00171082  0.0039849  -0.00074468]
[  1.80644165e-03   3.14256479e-05   2.53938936e-03]
[ 0.00027665 -0.00024585  0.01191675]
[ 0.00822669  0.0004868  -0.00670901]
[ 0.0083436  -0.01055379 -0.00458738]
[ 0.00080494 -0.00434585 -0.00479263]
[-0.00078973 -0.00740661 -0.01056476]
[-0.00055371 -0.0048212   0.00442847]
[-0.01225288  0.00365234 -0.00175204]
[ 0.00147044 -0.00083352 -0.00849467]
[-0.0028255   0.00658274 -0.0041326 ]
[-0.00139767 -0.00241109 -0.01007692]
[-0.00254427 -0.00463529 -0.00514879]
[-0.0004777   0.005128   -0.00445123]
[-0.00196405  0.00184013 -0.00741456]
[-0.00131743 -0.00328272 -0.00311141]
[-0.00495888 -0.00044406 -0.0080184 ]
[ 0.01555036 -0.0006134   0.0107589 ]
[ 0.01044849  0.01874699 -0.01309046]
[ 0.00205169  0.00218347 -0.00267695]
[ 0.00136518  0.00181723 -0.01165202]
[ 0.00108156  0.0024916  -0.00497208]
[-0.00913924  0.00065668 -0.00786539]
[ 0.00669467 -0.01349775  0.00719723]
[-0.00484461 -0.00208853 -0.00305729]
[ 0.00371272 -0.00441199 -0.0126665 ]
[ -1.23259950e-03  -4.44343224e-05  -3.71011723e-03]
[-0.00904853 -0.01299105 -0.00537329]
[ 0.00446029  0.00028472  0.00486649]
[ 0.01051524 -0.00170946  0.00083517]
[ 0.0028026   0.00771332 -0.00331261]
[ 0.00700336  0.00957361  0.00076679]
[ 0.0030408  -0.00463004 -0.00745774]
[ 0.00070376 -0.00672715  0.00722124]
[-0.00244355  0.00106077 -0.00047067]
[ 0.00127212  0.00104244 -0.00513092]
[-0.00027957 -0.00245495  0.00586088]
[ 0.00470291 -0.00222855 -0.00114733]
[-0.00370994  0.00283816 -0.00204998]
[ -2.38845313e-03   1.12557599e-03  -7.81114663e-06]
[-0.00194029 -0.00135084  0.01225606]
[ 0.00425039  0.00542641  0.00230071]
[-0.00096455 -0.00028237 -0.0034745 ]
[ 0.00021645 -0.00079453 -0.00391521]
[ 0.00102047  0.00152939 -0.00297554]
[-0.00382977  0.0051586   0.00128309]
[ 0.00618772 -0.00264556 -0.00707109]
[ -4.63760934e-05   2.95770204e-02   1.31925843e-03]
[-0.00018054  0.00664656 -0.00409398]
[-0.00120367 -0.01716919 -0.00114306]
[-0.00456743  0.00712574 -0.00351309]
[-0.00157505  0.01041071 -0.01025897]
[-0.00287377 -0.00043095  0.00441582]
[ 0.00093909  0.0074511  -0.00087441]
[-0.00280626 -0.00361983 -0.00533411]
[ 0.00428736 -0.00119117 -0.00712755]
[ -6.15774816e-05   6.63750162e-04  -5.31794844e-03]
[ 0.00011142 -0.00361105  0.00081544]
[ 0.0038022   0.00485172  0.00289636]
[  4.96351086e-05   1.04700063e-02   1.37541364e-02]
[ nan  nan  nan]
[ 0.00951703 -0.00239688 -0.00840135]
[ 0.00431771 -0.00698824 -0.00374141]
[-0.00297095  0.00941417 -0.00578419]
[-0.00084917 -0.00652498  0.00045908]
[-0.01516251 -0.00372762  0.01819721]
[-0.00345199  0.01009887  0.0049476 ]
[-0.00211231  0.00777277 -0.00162922]
[-0.00361466  0.00789042  0.00290086]
[-0.00188251 -0.00401812 -0.00179699]
[ 0.00331045  0.00253993  0.00010019]
[-0.00227999  0.00121601  0.00020336]
[-0.00206206  0.00591228  0.00100797]
[-0.00268847  0.00205259 -0.00304841]
[ 0.0020884   0.00298484 -0.00160288]
[-0.00208177  0.00561098  0.000898  ]
[-0.00045221  0.00240312  0.00151777]
[-0.00364146  0.00276771 -0.00161644]
[ 0.016734    0.00252256 -0.00574773]
[-0.00355407 -0.00391978 -0.00358349]
[ 0.00379097  0.02748548  0.00450985]
[-0.00258783  0.01165888 -0.00320153]
[ 0.01027099 -0.0103054  -0.00272387]
[ 0.00143035 -0.00033533 -0.00825782]
[-0.00041584  0.00577906 -0.00411625]
[-0.00710361  0.00561191  0.00771152]
[-0.0043372   0.0032319  -0.00805626]
[-0.00041902  0.00414154  0.00505075]
[ 0.0036196  -0.00274468  0.00446246]
[ 0.00187901  0.00337015 -0.00048987]
[ 0.00342649 -0.00518743  0.00294557]
[ 0.00484794  0.0007363   0.00287706]
[-0.00313501  0.00033806 -0.00405827]
[ 0.00531712  0.00311075  0.00055616]
[-0.00105351 -0.00382856  0.00416844]
[ 0.0004356  -0.00473074 -0.00405617]
[ 0.00568447  0.00272707 -0.00373924]
[  4.89429089e-05  -4.10656401e-04   1.79166115e-03]
[ -7.26781070e-05   5.76794234e-04   1.98009034e-03]
[ nan  nan  nan]
[ 0.00868231  0.0053603   0.01353814]
[ 0.00426405  0.00544715 -0.00496257]
[ 0.01156603 -0.02030252  0.01731012]
[ 0.00347756 -0.00351195 -0.00219226]
[-0.0065436   0.00228902  0.00138224]
[-0.00120549 -0.0012208   0.00415737]
[ 0.00188965 -0.00297614 -0.01162225]
[ 0.00341465  0.00336748  0.01577045]
[ 0.01341789 -0.00644856  0.0021106 ]
[-0.0233467   0.03007548  0.00821297]
[-0.00340931  0.00928218 -0.00381587]
[ 0.00716915 -0.01085956 -0.00073081]
[ 0.00080067  0.00358559 -0.00554371]
[-0.00357941 -0.00699743 -0.00643414]
[-0.01293712 -0.0044959  -0.00634095]
[ 0.00911123  0.00500052 -0.0018499 ]
[  1.44182531e-03   1.41428588e-02  -1.44855646e-05]
[ 0.01062666 -0.00232556 -0.00265387]
[ 0.00431832 -0.0046878   0.00395278]
[ 0.00196909 -0.00399896 -0.00610518]
[ -8.06623689e-05  -9.02461397e-05   1.30747790e-03]
[-0.0002366   0.00300744 -0.00138874]
[-0.00352229  0.00071434  0.01190935]
[-0.01140578  0.01168714  0.00152728]
[ 0.02160874 -0.02515335  0.01095871]
[ 0.00587249 -0.00849554 -0.00107902]
[-0.00738354  0.00672746 -0.00279291]
[-0.00203914 -0.0044032  -0.00420508]
[-0.00548614 -0.00291338 -0.02621249]
[-0.00402685  0.00204758  0.00288053]
[ 0.01190303 -0.00624094 -0.00545356]
[-0.00389264 -0.00197374  0.00958692]
[ 0.00374984 -0.00115209 -0.00794898]
[ 0.00097024  0.00040531 -0.00521362]
[ -5.27097785e-05  -3.51852413e-04   2.54054250e-03]
[ 0.00067897  0.00250121 -0.00441414]
[ nan  nan  nan]
[ 0.01341245  0.0001103   0.00281504]
[-0.04106387  0.00312119  0.00999832]
[-0.01392933  0.0031637  -0.00375752]
[  6.51817677e-03   8.74092427e-06  -5.48504204e-03]
[-0.002325    0.00454474  0.00231323]
[ -1.29168572e-02   6.17814394e-05   1.18721103e-04]
[ nan  nan  nan]
[-0.00667967  0.00984879 -0.00754433]
[ 0.00517881 -0.00465801  0.004666  ]
[-0.0102135   0.00455629 -0.000733  ]
[  4.34106974e-05   5.14651978e-05  -4.28328631e-03]
[ 0.00144535 -0.00083263  0.00388426]
[ -2.08197072e-03   3.44917954e-03  -4.39731732e-05]
[-0.00347547 -0.00172441  0.01352688]
[-0.01610139 -0.00444714  0.00247897]
[ 0.03900492 -0.00796167  0.00282676]
[ 0.01374678 -0.00171115 -0.00285578]
[-0.00246477 -0.00183972 -0.00234241]
[ nan  nan  nan]
[ 0.00353697  0.00229694 -0.01364286]
[-0.00531573 -0.00140163 -0.00012953]
[-0.0017809  -0.00176181  0.0062585 ]
[-0.00138994  0.00115136  0.00309859]
[ 0.01219349  0.01361376 -0.0008635 ]
[ nan  nan  nan]
[ 0.00610891 -0.0014766   0.00400305]
[-0.0020982   0.00052472  0.00204453]
[ 0.00154957  0.00297533  0.01836916]
[ 0.00798322  0.00263464  0.0094849 ]
[-0.01346156 -0.01942826  0.00206065]
[-0.01375258 -0.00506567 -0.00258223]
[ 0.00762105 -0.00073507 -0.00373973]
[-0.00438598  0.00085038  0.00421045]
[ 0.00236932  0.0196477   0.00181371]
[-0.01910471 -0.00830383  0.00433254]
[ 0.00560878  0.00562398 -0.00401646]
[ 0.00801629  0.00184715  0.00429241]
[ 0.00395376  0.00655305 -0.00882573]
[ 0.00588548  0.00122827  0.00677506]
[-0.00596267 -0.00077376 -0.00211952]
[-0.00222084  0.00191016 -0.00132212]
[ 0.00041573  0.00018913  0.00288265]
[-0.005883   -0.01352962  0.00963037]
[ 0.00123546  0.0022076  -0.01667188]
[ 0.02742171  0.01027746  0.00517125]
[ 0.01038674  0.00515635 -0.00262626]
[-0.00269327 -0.00090387 -0.00521811]
[ nan  nan  nan]
[-0.00580028  0.00861925  0.0042056 ]
[-0.0002418  -0.00059869 -0.00366167]
[-0.00315285  0.00118954  0.00269457]
[ 0.00160712  0.00105264  0.00407838]
[ 0.00718438 -0.00594103  0.01635042]
[ 0.00779302  0.00808097  0.00392286]
[ 0.0217343   0.01887548  0.01171359]
[ 0.01473539  0.0038131   0.00355447]
[ 0.0107185   0.00223418 -0.00263888]
[ 0.00365557  0.00193435 -0.00631288]
[-0.01773274 -0.00991431  0.00465471]
[-0.00470481 -0.0023248   0.00070967]
[ -6.20610701e-03  -5.28019274e-05   1.86882781e-03]
[-0.006612   -0.00102241  0.00138544]
[-0.00503328 -0.00520437  0.00321206]
[ 0.00130352 -0.00085694  0.004444  ]
[ 0.00015371 -0.00022748 -0.00217859]
[-0.00432738 -0.00578026  0.00279673]
[-0.00478101  0.00069878  0.00254629]
[  1.50187275e-03   4.07927601e-05   4.62967146e-03]
[ 0.00145847  0.0028835  -0.00339988]
[-0.00083935  0.00250003  0.01446563]
[-0.0233838   0.01569072 -0.01767539]
[-0.00434417  0.00499899 -0.00733818]
[ 0.01072777 -0.00105888  0.0036678 ]
[-0.00623698 -0.00357114  0.00108918]
[ 0.00895971 -0.0091397   0.0036048 ]
[-0.00846939 -0.00546494  0.00233798]
[-0.01081522  0.00297229  0.0019308 ]
[ 0.0005896  -0.01112107  0.00700341]
[ 0.00680758  0.00273139  0.01015501]
[-0.00492818  0.00451309  0.00434338]
[ 0.0035573   0.01101326  0.00394313]
[ 0.00021509  0.00092201 -0.00366562]
[ 0.00533468  0.00798015 -0.00491305]
[ 0.0047205  -0.00052181 -0.00310688]
[ 0.00915137 -0.00790056 -0.00577823]
[-0.00243098  0.00039612  0.00495981]
[-0.00287053 -0.00194228 -0.00164394]
[-0.00072691 -0.00098273  0.00122897]
[ 0.00162527 -0.00298416 -0.00416153]
[-0.00281531 -0.00275591 -0.00225121]
[ 0.00306393 -0.01132328 -0.00418393]
[ 0.01055486 -0.00259181  0.00133485]
[-0.00710289 -0.00711226 -0.00918283]
[-0.00094427 -0.00396979 -0.00688319]
[ 0.01705145  0.00045929  0.01870139]
[-0.00159531 -0.00813545 -0.0061655 ]
[ -1.14019133e-03  -1.75196999e-02   6.04413652e-05]
[ 0.00345477  0.00060289 -0.00199347]
[-0.0002507   0.00264475  0.00993197]
[-0.00280493  0.00047942 -0.00214475]
[-0.01338344  0.00314159  0.00492057]
[ 0.00188743 -0.00420535  0.00223384]
[-0.02397387  0.0015228  -0.0146215 ]
[-0.00719702  0.00267219 -0.0057123 ]
[-0.00238364  0.00250895 -0.00695062]
[ 0.0049141   0.0053502  -0.00782622]
[-0.0054216   0.01683903  0.01786574]
[ 0.00312619 -0.01062315  0.00256292]
[ 0.00115943  0.00756098 -0.00264806]
[ 0.00048154  0.00532402  0.00059129]
[  8.05641166e-05   4.72761953e-03  -4.16466602e-03]
[ 0.00015767  0.00685252  0.00281605]
[ 0.00019768  0.00184632 -0.00373311]
[-0.00053069 -0.00177664  0.00354266]
[-0.0031028  -0.00346075  0.0012645 ]
[ 0.00076864  0.00603313  0.00308024]
[-0.00337508 -0.00418975 -0.01626337]
[ nan  nan  nan]
[ 0.003285   -0.0026867  -0.00785848]
[ 0.0022366  -0.00408113 -0.00831807]
[-0.00399366  0.00228259 -0.00099191]
[ -2.61167323e-05   6.26698526e-05   2.65617567e-03]
[-0.00259801  0.00302127 -0.00121075]
[ 0.00328913  0.00658464  0.00055214]
[ 0.00661024  0.00717077 -0.00953377]
[ 0.00932232 -0.00555825  0.00471389]
[ 0.0123064   0.00076271 -0.01966473]
[ 0.00434351 -0.00085506 -0.00289035]
[ 0.0174161  -0.00981583  0.00251718]
[ 0.0019486   0.00706015 -0.00530346]
[ 0.00048137  0.00536733 -0.01050198]
[ 0.00692412  0.00342532  0.01905451]
[-0.00075081 -0.01243762  0.00253852]
[ 0.00830905 -0.00595479  0.00425533]
[-0.00593256 -0.01040183 -0.0012002 ]
[-0.00143439 -0.00818163  0.00073326]
[ 0.00483922  0.00179235 -0.00157294]
[-0.00178317 -0.00205694  0.00496524]
[ 0.00305844 -0.00044617  0.00377176]
[-0.00714818 -0.0035292   0.00116294]
[-0.00056932 -0.00420553 -0.00879421]
[-0.00508217  0.00082591 -0.00341942]
[-0.00103871 -0.00205792 -0.00418167]
[ 0.0169396   0.00389872  0.00734938]
[-0.0014177   0.00457393  0.00476839]
[-0.0114106  -0.00529854  0.02622912]
[-0.00172043 -0.00577038  0.00403088]
[ 0.00138152 -0.00411817  0.00353547]
[ 0.00263233 -0.00604587  0.00022297]
[-0.00252857  0.003056    0.01500674]
[ 0.0007309  -0.00376129 -0.00197901]
[ 0.00584323  0.00106184  0.00404517]
[-0.00636325  0.00013034  0.00238254]
[ 0.00539954 -0.00122862  0.00066035]
[-0.0012579  -0.00365856 -0.0048175 ]
[-0.00035563 -0.00082742 -0.00529188]
[ 0.00127938  0.00384064  0.00097631]
[-0.00417356  0.00373006  0.00115866]
[ 0.00311745 -0.00124135 -0.00136129]
[-0.00433996 -0.00386016  0.00029947]
[-0.00105432  0.00105208 -0.00131229]
[-0.00903146  0.00215384 -0.00671801]
[ 0.00277338 -0.00582233  0.01117729]
[-0.01678965  0.01018842 -0.02490639]
[-0.00241907  0.0036278  -0.00649556]
[ 0.00487964  0.00252859 -0.00764773]
[ 0.00535064  0.00122894 -0.00943769]
[ 0.0016573   0.00995564 -0.00168906]
[-0.00050879 -0.00179828 -0.00066751]
[ 0.00195909  0.00466929 -0.00281375]
[ 0.00503371  0.00266842  0.00419524]
[ 0.00126364  0.00255793 -0.00283008]
[ 0.00347475  0.00064027 -0.00286736]
[-0.00098416  0.00091338  0.00060133]
[ 0.00161708  0.00280698 -0.00244048]
[ 0.00172692  0.00104577 -0.00177531]
[ 0.00138009  0.00146847 -0.00302167]
[-0.00194698  0.00083126  0.00439897]
[ 0.00479306  0.00460464 -0.00440394]
[-0.00176124 -0.00516686  0.00106121]
[ 0.0033827  -0.00103164 -0.00154669]
[ 0.01149803 -0.00890292 -0.00381685]
[ 0.00062759 -0.00747239  0.00334462]
[-0.00466963  0.00470038 -0.00716663]
[-0.01490112  0.00011385 -0.00301762]
[-0.00011488 -0.00154582  0.00341067]
[ 0.00163302  0.00510069  0.00489921]
[-0.00564625  0.00517218  0.00300894]
[-0.01229444  0.00818401  0.00263584]
[-0.00358186 -0.00255657  0.00495249]
[-0.00436598 -0.00053719 -0.0015061 ]
[-0.00410021 -0.00100375 -0.0018905 ]
[-0.00500306  0.00057123 -0.00186315]
[-0.00423813 -0.00337321 -0.00254689]
[  5.08967809e-04  -9.73435179e-04  -6.02754561e-05]
[-0.00148312  0.00065394  0.00075951]
[-0.00275411 -0.00176434 -0.000262  ]
[ 0.01112097 -0.00544386 -0.00642284]
[ 0.00921869 -0.00348408  0.0103981 ]
[ 0.01085828 -0.00921017 -0.01208796]
[ 0.00388902 -0.00193929 -0.0009292 ]
[ 0.01409868 -0.00860305  0.02253304]
[ 0.00580848 -0.00312006 -0.00917268]
[ 0.00573711 -0.00820397 -0.01210076]
[ 0.00061996  0.00452507 -0.00441194]
[ 0.00185938  0.00224173  0.00328424]
[-0.02546005 -0.00274062 -0.00136525]
[ 0.00160943 -0.00695472  0.00242816]
[ 0.0041152   0.00300503 -0.00651393]
[-0.00410415 -0.01179975  0.00870159]
[ 0.00133731 -0.00303623  0.00415322]
[-0.00480274  0.0012752   0.0002196 ]
[-0.00433043  0.00161411  0.00044363]
[ nan  nan  nan]
[ 0.00014505  0.00134079 -0.00142926]
[-0.00145112 -0.00617434  0.00123237]
[ 0.00220969 -0.00209441 -0.00190093]
[  7.82060104e-04  -1.33333711e-05  -4.81576723e-04]
[-0.0021401   0.00581086  0.00521754]
[-0.00597061  0.00363446 -0.0005874 ]
[ 0.00107115 -0.0056152  -0.00316869]
[-0.00519235  0.0057308  -0.01458613]
[-0.00226772  0.00099474 -0.00516726]
[ 0.01735215  0.00265651  0.0122192 ]
[ 0.00327879  0.00855768  0.00287345]
[-0.0190597   0.00661698  0.01914905]
[-0.00158117 -0.03400622  0.00133589]
[-0.00521479  0.00820668  0.00679401]
[-0.00319569  0.00575659  0.00614973]
[-0.00296702 -0.00183859  0.00445983]
[  1.31119760e-03   1.01210539e-05  -3.23692704e-03]
[-0.00137637  0.00481394  0.0014583 ]
[ 0.00304325 -0.00199093  0.00023631]
[ 0.00054053  0.00212806 -0.00019023]
[ 0.00035775 -0.00078045  0.00654846]
[ 0.00112099  0.00106883  0.00018887]
[-0.00372095  0.00014658 -0.00917509]
[ 0.00221215  0.00234717  0.01235501]
[-0.00565006  0.00501892 -0.02441115]
[ 0.00028398  0.00217923 -0.00451022]
[ 0.0116314  -0.00198952 -0.00521037]
[ 0.00341249 -0.00288201 -0.00939608]
[-0.00261719 -0.00281889 -0.00526415]
[-0.00538608 -0.04274484 -0.00092193]
[ 0.00433834 -0.00281626 -0.00544657]
[-0.00131077  0.00696254 -0.00320587]
[-0.01217114 -0.00379876  0.00717636]
[ 0.00387695 -0.00317437 -0.00496968]
[ 0.00242169  0.00628408 -0.00374257]
[-0.00366283  0.00065079  0.00092778]
[ 0.00389797 -0.00722986  0.00088288]
[-0.00063887  0.0030659  -0.00020435]
[ 0.00234897  0.000321   -0.00119817]
[-0.000165   -0.00840266 -0.00504368]
[ 0.00086369  0.00122104 -0.0008471 ]
[-0.00119992  0.00086622  0.00103783]
[ 0.00633283 -0.00399208 -0.00316538]
[-0.00033433  0.00811135  0.00387812]
[ nan  nan  nan]
[  3.78595345e-03   8.86939647e-03   4.06793994e-05]
[ 0.00230038  0.00017532 -0.00143737]
[ 0.01492518 -0.01189236  0.00472508]
[-0.00204602 -0.00654117  0.00444195]
[-0.00272194  0.00283939 -0.00490632]
[-0.00046629 -0.0004655  -0.00859364]
[ -4.87731467e-06  -5.38525886e-03  -2.58450560e-03]
[-0.0007093  -0.000421   -0.00444928]
[-0.00034474 -0.01009062 -0.00484383]
[  7.62111431e-03   5.86639681e-05   1.91409505e-03]
[-0.00590962 -0.00396892 -0.00854412]
[-0.00133355 -0.00189741 -0.00662918]
[ 0.01752682 -0.00333087  0.01654009]
[-0.00162982 -0.00828794 -0.00285039]
[ 0.00307205 -0.01151181  0.0035795 ]
[ 0.00920027 -0.01232199 -0.01324794]
[-0.00134887 -0.00874451 -0.00686988]
[ 0.00385642 -0.00697974 -0.00460639]
[-0.00420349  0.00481971  0.00650796]
[ 0.00200723 -0.00502264 -0.00422285]
[-0.00154452 -0.00309545 -0.00720268]
[  5.39567652e-003  -2.60081202e-003  -2.21736605e+305]
[-0.01450294  0.00502741 -0.001984  ]
[ 0.00582357 -0.00311975  0.00471497]
[-0.02583597  0.0091839  -0.09028133]
[ nan  nan  nan]
[ 0.00133497  0.00503492 -0.00827681]
[ nan  nan  nan]
[ nan  nan  nan]
[-0.00732888 -0.00704403  0.02204108]
[-0.00755768 -0.00918076  0.00781115]
[ 0.00033883  0.0047647   0.01058706]
[ 0.0019631  -0.00228374  0.00114288]
[-0.00624037 -0.00208216 -0.00316545]
[ nan  nan  nan]
[ 0.00305816  0.00782038  0.0034138 ]
[-0.01060002 -0.00749545 -0.01249731]
[-0.0035512  -0.00041725 -0.005163  ]
[ 0.00861575 -0.00548923 -0.00612339]
[ 0.00805444 -0.00784645  0.00052451]
[-0.00834432 -0.00154188 -0.01371707]
[-0.0062507   0.01663367 -0.00902797]
[ nan  nan  nan]
[-0.0011852   0.00556075  0.00844466]
[-0.00192138  0.00026338  0.0006488 ]
[ 0.00401734 -0.00593957 -0.00297815]
[-0.00687894  0.0020599  -0.00066287]
[ 0.00143146 -0.00741285 -0.00708015]
[-0.00114191  0.00897059 -0.00775551]
[-0.01233385  0.00831072  0.00471465]
[ 0.00489406 -0.00220483 -0.00155404]
[ 0.00253566  0.01409645 -0.00273038]
[-0.00960085 -0.00604514  0.00108834]
[ -3.01054185e-002   1.16084447e-003  -4.43473210e+305]
[-0.00288418 -0.00038005  0.00809383]
[  9.32954719e-003  -1.63863531e+289  -1.13229865e-002]
[-0.00637544  0.00208014 -0.00068589]
[-0.00452713  0.0109044  -0.0157588 ]
[-0.0030908 -0.003981   0.0046908]
[-0.00285331  0.02067946  0.00755702]
[-0.00405839 -0.00127979 -0.01276434]
[ 0.00279826 -0.00098906 -0.02069053]
[ 0.00336745 -0.00238036 -0.07625811]
[-0.0034449  -0.00522103 -0.00433691]
[ 0.00251648  0.00044113 -0.00746823]
[-0.00026061 -0.00208858 -0.0039508 ]
[-0.00103706 -0.00083398 -0.00072606]
[ 0.00201598 -0.00669907 -0.00410083]
[-0.00131081 -0.00254811 -0.00373622]
[-0.00113569 -0.00060949 -0.00523275]
[-0.00170291 -0.00117535  0.00056646]
[ nan  nan  nan]
[-0.01395703  0.00286783 -0.00975312]
[ 0.00204496 -0.00256484 -0.00442996]
[ -1.65624412e+85   5.15051306e-04  -3.35089065e-04]
[-0.00416378  0.00532293 -0.00596744]
[ 0.00613147 -0.00475008  0.02351129]
[  7.27449561e-003   1.39981171e-002  -3.95051745e+136]
[-0.01617398 -0.00747206 -0.00928822]
[ 0.00223118 -0.00514464  0.00341125]
[-0.00594973 -0.00729165 -0.00921781]
[ 0.00153642  0.00208705 -0.0003991 ]
[-0.00025149  0.00043437 -0.00765881]
[ 0.00308938 -0.00048965 -0.01400313]
[-0.00211837 -0.00387504 -0.00659449]
[ 0.01061816 -0.00956386 -0.01136476]
[-0.00401797 -0.01352573  0.00714595]
[-0.00166073 -0.00083052  0.01559704]
[-0.00571947 -0.0035157   0.00172184]
[-0.00121879 -0.0041506   0.0026523 ]
[ 0.01126326  0.00445731 -0.00448324]
[-0.00143732 -0.00478558 -0.00965783]
[ 0.0042546   0.02415927 -0.00411174]
[ 0.00095994  0.00274269 -0.00438378]
[  9.76525982e-05   6.23478975e-03   1.19327154e-04]
[-0.0050629  -0.01303989 -0.00694881]
[ 0.00086973 -0.00322315  0.00251524]
[ 0.00116242  0.00180437  0.01637163]
[-0.0027082  -0.00862479 -0.00196347]
[-0.00418415 -0.00310447  0.00861366]
[ 0.00027139 -0.00666389 -0.00760569]
[ 0.00076367 -0.00497399 -0.00180356]
[ -6.08372451e-03  -2.81929866e-03   2.34268110e-05]
[-0.00351353 -0.00028848  0.00476609]
[ 0.00155732 -0.00172081  0.00261073]
[ 0.00465148  0.00803505  0.01296426]
[-0.00417162  0.00722875  0.00070532]
[ 0.01259556 -0.00234368 -0.00259176]
[ 0.00343663 -0.00714106 -0.00314085]
[ 0.0005458   0.00701794 -0.00864132]
[-0.00080183 -0.0059971   0.00267469]
[-0.02447797  0.00125671  0.00616601]
[ 0.01439959  0.00432925 -0.00693318]
[-0.01432715 -0.02319773 -0.01109966]
[ 0.00550727 -0.0001376  -0.00623843]
[-0.0028027  -0.00509687  0.00845828]
[-0.00665318  0.013841   -0.0043561 ]
[ -1.31888542e-02  -4.05898474e-03  -7.69584075e-05]
[ -5.41397472e-05  -1.17493663e-03   1.25676442e-03]
[-0.00236249 -0.00546369  0.00275689]
[-0.00444936 -0.00683612  0.00155186]
[ 0.00652622  0.00856607  0.00743226]
[ -6.81707858e-04   1.20188468e-05  -5.43868620e-03]
[ 0.00113063  0.00483586  0.0024231 ]
[-0.01097333 -0.00678403  0.00018979]
[-0.00827724 -0.0001334  -0.00868897]
[ -1.22013010e-03  -2.20452707e-04   1.32292727e-05]
[-0.00508011  0.00790218  0.0005818 ]
[ 0.00169639 -0.00029807 -0.00129954]
[ 0.01986589 -0.00086773  0.0012599 ]
[-0.000363   -0.00440723 -0.01006248]
[-0.00132105  0.02850145  0.01616603]
[-0.00305989  0.00984244 -0.00193276]
[ 0.00797956 -0.0096284  -0.00928561]
[ 0.00127634 -0.00304536 -0.00951742]
[ 0.00107085  0.01637079  0.00085561]
[-0.00880721 -0.00504776  0.00164279]
[-0.00988111  0.00732841  0.0080895 ]
[ 0.00529194 -0.00318538  0.00036481]
[ 0.01010035  0.00711932 -0.00974573]
[-0.00273093 -0.00092958  0.00227854]
[ 0.0049976  -0.00131067  0.00211799]
[-0.00025175  0.00196828 -0.0030777 ]
[ 0.00058588  0.00286934  0.0173068 ]
[-0.00327141  0.01207922 -0.00583434]
[ 0.0148173  -0.00201399 -0.00990774]
[ 0.00531172 -0.00720963 -0.00458663]
[-0.00593324  0.00677942  0.00044945]
[ 0.00097211 -0.0073193  -0.0010849 ]
[-0.01237807 -0.00597323  0.01963115]
[-0.0082681   0.00734228  0.00643826]
[-0.00665604  0.00253333 -0.00149629]
[ 0.00260502 -0.00346016  0.01239366]
[-0.0059724   0.00672972  0.01028367]
[-0.00999999  0.00777545  0.00124714]
[-0.00027184  0.00637968  0.00959759]
[-0.00103129  0.01390666  0.00454635]
[-0.00529094  0.00078227 -0.0001599 ]
[ 0.00098423 -0.00039376 -0.00086503]
[ 0.00426554  0.00110854 -0.00046722]
[-0.00575993  0.00016977 -0.00117239]
[ 0.00227225 -0.00312094  0.00042387]
[  5.88854247e-05  -9.85978232e-04  -1.12031860e-03]
[-0.00440782  0.00228674 -0.00024346]
[ 0.02028173  0.0049696  -0.00428389]
[-0.00074894 -0.00333372 -0.01064817]
[ 0.00327859  0.02740702  0.0217981 ]
[ 0.00053707  0.00848555 -0.00304052]
[ 0.01157332 -0.00784564 -0.00507378]
[-0.00163298  0.00467976 -0.00490805]
[-0.00825577 -0.00517403 -0.00129992]
[ 0.00681631  0.00195026 -0.00625539]
[ 0.00646156  0.00020267  0.00373037]
[ 0.00855598  0.00510582 -0.00984508]
[ 0.00195106 -0.00453719 -0.00264411]
[ 0.00037157 -0.00143108  0.00053461]
[ 0.00078132 -0.00262849  0.01449885]
[ 0.00379773 -0.00101601  0.0111036 ]
[-0.01853211 -0.01377628  0.00141018]
[ nan  nan  nan]
[-0.0046886   0.00873845  0.0033773 ]
[-0.00193529 -0.00027288 -0.01006583]
[ 0.00673826 -0.01636716  0.00266229]
[-0.00310194  0.00527833  0.02572064]
[-0.00805954  0.00515081  0.01073719]
[ nan  nan  nan]
[-0.00684161  0.00241595 -0.00037722]
[ 0.00380693  0.00171962  0.00076912]
[ 0.00292599 -0.00519753 -0.01382628]
[-0.00158922 -0.00668302 -0.00165773]
[ nan  nan  nan]
[ 0.00691796  0.0087662  -0.00232901]
[-0.0011867  -0.00351925  0.00348306]
[ 0.0178453  0.0016949  0.0112133]
[-0.00181609 -0.0025159  -0.00424753]
[-0.00282318 -0.00276779 -0.00254832]
[-0.00084031 -0.00114372  0.00036385]
[ nan  nan  nan]
[ 0.00474014  0.00342541 -0.01508004]
[ 0.01130946 -0.00593822  0.00393543]
[-0.01202118  0.01140389 -0.01100813]
[-0.00122884  0.00747324 -0.00727783]
[ 0.00818687  0.00666296 -0.01020449]
[ 0.00430368  0.00208191 -0.00795963]
[-0.00854109  0.00203318 -0.01100611]
[ 0.00328213 -0.00037027  0.01314642]
[ nan  nan  nan]
[ 0.00256296 -0.00601386  0.00010772]
[-0.00781747  0.00357208 -0.00519992]
[ -6.08048225e-04  -1.28350399e-05   1.29645608e-03]
[ nan  nan  nan]
[ 0.00214286  0.00109195 -0.00417821]
[-0.00859147 -0.0007642   0.00673119]
[-0.00291281 -0.00317425  0.003868  ]
[-0.01245234  0.02955352  0.03073909]
[-0.00789848  0.01061748  0.00190272]
[-0.00757909  0.00249469 -0.00802274]
[-0.00041271 -0.00522156 -0.00732395]
[-0.00208475  0.01553595  0.01345532]
[ 0.00729037 -0.00083671  0.00587068]
[ 0.00618774 -0.00503816  0.00525583]
[ 0.00328046 -0.01204874 -0.00059475]
[-0.00356438  0.00330075 -0.00096944]
[ 0.00352877  0.00161263 -0.00270236]
[-0.00517483  0.00237616  0.0008318 ]
[ 0.00327798  0.00519214 -0.00226852]
[-0.00130956  0.00373296 -0.00233052]
[-0.00334673  0.00026371 -0.00196779]
[-0.00099487 -0.00269329 -0.00168256]
[ 0.00291129  0.00540974  0.0023445 ]
[-0.00402852  0.00675938  0.0063662 ]
[ 0.003973   -0.00792626  0.00283208]
[ 0.00074349  0.00081455 -0.00159465]
[ 0.00186942 -0.00394822 -0.00233723]
[ 0.00768899  0.00268892  0.00861939]
[ 0.00262596  0.0015718   0.00320564]
[ nan  nan  nan]
[ 0.00506813 -0.00653446 -0.00429867]
[-0.00586973  0.00113951 -0.0026735 ]
[ 0.00220225 -0.00092606 -0.01047646]
[ 0.01283194  0.01526208  0.00708681]
[-0.00568986 -0.00398164  0.0030029 ]
[ 0.00894734 -0.00191052  0.01559821]
[ 0.00085387 -0.00331534 -0.00081985]
[ 0.0005138   0.01195794 -0.00712494]
[-0.00105335 -0.00101725  0.0028413 ]
[ 0.00216508 -0.00105842 -0.00354433]
[ 0.00187712  0.00465783  0.00037616]
[ 0.00043089  0.00046925 -0.01364698]
[ 0.01747374  0.006195    0.0073315 ]
[-0.00089308  0.02948543 -0.00915686]
[ 0.00143561  0.00522726 -0.00378524]
[ 0.00358552 -0.00021112 -0.01267036]
[-0.00022935  0.00430367 -0.00195632]
[-0.00484893 -0.00598809  0.00264509]
[-0.00881265 -0.00872845  0.00696161]
[-0.00235616  0.0049171   0.00764353]
[-0.00363998 -0.00927024 -0.0072649 ]
[-0.0067728  -0.00988528  0.00280169]
[-0.00530989 -0.00299125  0.00550749]
[ 0.00110297  0.00294249 -0.00658161]
[ 0.00351737  0.00300403  0.00535402]
[ 0.00353673 -0.0065459  -0.00084134]
[ -3.50225794e-03  -4.21417880e-03  -4.88199350e-05]
[ 0.00194913  0.00167025  0.00285418]
[  6.04185981e-04   7.18455412e-04  -8.77148626e-05]
[ 0.00098974  0.00086081 -0.00103219]
[ 0.00178331 -0.00244693  0.00249909]
[ 0.01515615 -0.00289     0.00531175]
[-0.0007362   0.0034781  -0.00062773]
[ 0.0195519  -0.00739687  0.00373234]
[ 0.00383785 -0.00892921 -0.00131715]
[ 0.00198871 -0.00356677 -0.0123616 ]
[ 0.00283671 -0.00692752 -0.00468464]
[ 0.01149798 -0.00514991 -0.00643991]
[-0.00891786 -0.0010392   0.00366825]
[ 0.00329521 -0.00119342  0.00284634]
[ nan  nan  nan]
[ nan  nan  nan]
[ -1.31307856e-03   2.43433955e-05   1.66282991e-03]
[ 0.00642794 -0.00378069  0.00253796]
[ 0.00028475  0.0002223  -0.00426223]
[ 0.00311271 -0.00148353 -0.00344676]
[ 0.01280013  0.00263744  0.00972246]
[-0.00511906  0.0268622  -0.01576018]
[ 0.00065615  0.00342285 -0.00513695]
[ -6.46321962e-05  -1.24661370e-02   3.33417047e-03]
[ 0.00109765  0.0017572  -0.00456507]
[-0.00504197  0.00353493 -0.01831975]
[-0.00100092 -0.00175852 -0.00552587]
[ 0.00143596  0.00583372 -0.00306693]
[-0.00272034  0.00262588 -0.00757611]
[ nan  nan  nan]
[-0.00066821 -0.00085522  0.0011734 ]
[ 0.00086984 -0.00120567 -0.00455742]
[-0.00364531  0.00050307 -0.00418842]
[ nan  nan  nan]
[-0.00146773  0.00026562  0.00168056]
[ 0.00426348  0.00039299  0.01093764]
[ 0.00426086  0.00465271 -0.00419412]
[ 0.01746077 -0.01264333  0.00749846]
[ 0.00241351 -0.00968195 -0.00156776]
[ 0.00048782 -0.00447916 -0.01168566]
[ 0.00046916 -0.00610384  0.00143529]
[ 0.00628371  0.00901345  0.01570216]
[-0.00374508  0.00521809 -0.00089913]
[-0.00677044 -0.00255365  0.00753677]
[-0.00195477 -0.00036732 -0.00416475]
[ 0.01101086 -0.00880211 -0.00146853]
[-0.00463558  0.00094868  0.00059374]
[-0.00017589 -0.00452163  0.00093066]
[ 0.00273962  0.0034688   0.00070195]
[ 0.0028706   0.00332586 -0.003406  ]
[ 0.00113112 -0.00091306  0.00429486]
[ 0.00706489  0.00576878 -0.01449582]
[ 0.00300321  0.00228734 -0.00370364]
[-0.00455029 -0.00763694  0.00628125]
[-0.00161452 -0.01086072 -0.00709424]
[ 0.00247586 -0.01481396  0.00346209]
[-0.00273792 -0.00415944  0.00152662]
[-0.00987463  0.00190452 -0.00230181]
[-0.00245538  0.00675964 -0.00544639]
[-0.01241208 -0.00792832  0.00404115]
[ 0.00345381 -0.00073731  0.00539944]
[-0.00293758 -0.00929204  0.00303861]
[ 0.00117852  0.00070327 -0.00230835]
[-0.00079499 -0.0017272  -0.00255823]
[-0.20868931 -0.00739514 -0.00097041]
[ 0.00593768 -0.00063404 -0.00246635]
[-0.00636019  0.00298189 -0.00368073]
[ nan  nan  nan]
[-0.00115535  0.00146901  0.00133903]
[-0.00375947 -0.01101549  0.00212508]
[-0.00462568 -0.00172019 -0.00112228]
[-0.00196413  0.00072845  0.00272181]
[-0.00529246 -0.00058167  0.00194507]
[ 0.00683059 -0.00104387  0.00201745]
[ 0.00757133  0.00169623  0.00386193]
[ 0.00034574 -0.00362348  0.00093018]
[  3.85020017e-03  -2.00624409e-05   5.85059490e-03]
[ 0.00566516 -0.0008196  -0.00920145]
[ 0.00374263  0.00913276  0.00344931]
[ 0.00096361 -0.00018233 -0.00038597]
[ -3.50541640e-03  -3.76434976e-05   3.37554158e-03]
[ 0.00345881 -0.0112536  -0.00034425]
[ 0.00035575 -0.0019657  -0.00135743]
[ -4.14413961e-05   3.82189405e-04   7.40141874e-03]
[ -1.35884188e-03   6.46380403e-05   7.80109191e-03]
[ 0.0062848  -0.00197279 -0.00397865]
[-0.00518485  0.00548157  0.00264184]
[ 0.00053398 -0.01034966 -0.00089535]
[-0.0034669   0.00107114 -0.00140352]
[-0.00435371 -0.00176738  0.00387228]
[ -4.28846389e-03   2.35810342e-04  -9.15471405e-05]
[ 0.00675294 -0.00121355  0.00027288]
[-0.00326272 -0.0056965   0.00255235]
[-0.00238746 -0.00359861 -0.00602969]
[ nan  nan  nan]
[-0.00074012 -0.00514416  0.00512229]
[-0.00459443 -0.00048577  0.00232122]
[ 0.00648645 -0.00151163 -0.00355532]
[-0.00469889 -0.00329497 -0.00640481]
[-0.00160541  0.00132728 -0.00165169]
[ -6.76034889e-03  -9.70492198e-04   5.74341103e-05]
[-0.00052784  0.00378389 -0.00260344]
[-0.0019721  -0.00222245 -0.0020516 ]
[ -6.91921702e-04   2.66837249e-03  -5.35886347e-05]
[ 0.00482906  0.00644462  0.00436368]
[-0.00065544 -0.00142913  0.00160868]
[-0.00112345  0.0045994   0.00853543]
[ 0.00403113 -0.00518663  0.00189913]
[-0.00383321 -0.00571776  0.00646124]
[-0.0007235   0.00187862  0.00046415]
[-0.00352633 -0.00652443 -0.00758718]
[-0.00033916  0.00114654 -0.00252359]
[-0.0008203  -0.00043042 -0.00347726]
[-0.00059285 -0.0047463  -0.0058598 ]
[-0.00671501 -0.00110778 -0.00116215]
[-0.0003128   0.00097509 -0.0025    ]
[ 0.00123424  0.00402975  0.00139175]
[ 0.00203018  0.00081493 -0.00156449]
[-0.00804722  0.00537816 -0.00078997]
[  1.65809797e-03  -7.35868865e-05   9.09367169e-03]
[-0.0001699  -0.00019155  0.0089077 ]
[ 0.00660002 -0.00864256 -0.00160813]
[-0.00107369  0.00193815 -0.00963924]
[  2.30855564e-06  -1.23418921e-04  -6.16113357e-04]
[ 0.0025706  -0.0025927  -0.00232841]
[-0.00503028 -0.00369104 -0.00166683]
[ 0.00374979  0.00521953 -0.00515318]
[-0.00398601  0.00225713 -0.00184072]
[ 0.00122907  0.00094248  0.00085882]
[ 0.00083856 -0.00937054  0.00708859]
[-0.00343283  0.00648208  0.0077371 ]
[-0.00106528 -0.00865415 -0.00293312]
[-0.00316758  0.00114628 -0.00191533]
[ 0.00095468  0.00064676 -0.00448088]
[-0.00190451 -0.00204164  0.003121  ]
[ 0.00033402 -0.00371094 -0.00648615]
[-0.00347152 -0.00305634 -0.00080389]
Took 1 iterations for induced dipole in dissolved state to converge
RHS generation time: 1.900286s
Solve time         : 2.479664s

Calculate Esolv
Calculating solvation energy for region 1, stored in E_solv[0]
4157 of 8220 analytical integrals for phi_reac calculation in region 1
Time Esolv: 12.501043s
Region 1: Esolv = -349.981291 kcal/mol = -1464.321721 kJ/mol

Calculate Esurf
Time Esurf: 0.015324s

Calculate Ecoul
Calculate Coulomb energy in dissolved state for region 1
Calculate vacuum induced dipole
1 iterations for vacuum induced dipole to converge
Calculate Coulomb energy in vacuum for region 1
Region 1: Ecoul = nan kcal/mol = nan kJ/mol
Time Ecoul: 2.548543s

--------------------------------
Totals:
Note: if multipoles are polarizables, energy calculations
      have the polarization energy substracted out
Esolv                  = -349.981291 kcal/mol
Ecoul_diss             = nan kcal/mol
Ecoul_vac              = nan kcal/mol
----------------------------------------------
Total solvation energy = nan kcal/mol
Esurf      = 0.000000 kcal/mol

Time = 23.852425 s
