Run started on:
	Date: 2017/8/7
	Time: 17:29:3

Reading crd for region 1 from /home/chris/git_repo/pygbe_cdcooper/examples/methylamine//methylamine
[[  7.49602000e-01  -2.00000000e-06  -1.23539000e-01]
 [  1.14579800e+00  -8.09473000e-01   3.37139000e-01]
 [  1.14578700e+00   8.09475000e-01   3.37140000e-01]
 [ -7.07681000e-01  -2.00000000e-06   1.79320000e-02]
 [ -1.11154800e+00  -8.76849000e-01  -4.83702000e-01]
 [ -1.11149400e+00   8.77107000e-01  -4.83284000e-01]
 [ -1.06967200e+00  -2.33000000e-04   1.04988800e+00]] [-0.28305  0.0817   0.0817   0.04051  0.02638  0.02638  0.02638] [[-0.16256  0.       0.32537]
 [ 0.00709  0.      -0.55765]
 [ 0.00709  0.      -0.55765]
 [ 0.16663  0.       0.38273]
 [-0.03951  0.      -0.19451]
 [-0.03951  0.      -0.19451]
 [-0.03951  0.      -0.19451]] [[[-0.37995  0.      -0.37217]
  [ 0.      -0.6384   0.     ]
  [-0.37217  0.       1.01835]]

 [[ 0.35555  0.      -0.08321]
  [ 0.       0.2828   0.     ]
  [-0.08321  0.      -0.63835]]

 [[ 0.35555  0.      -0.08321]
  [ 0.       0.2828   0.     ]
  [-0.08321  0.      -0.63835]]

 [[ 0.54761  0.       0.32235]
  [ 0.       0.2769   0.     ]
  [ 0.32235  0.      -0.82451]]

 [[ 0.35621  0.      -0.0641 ]
  [ 0.      -0.05857  0.     ]
  [-0.0641   0.      -0.29764]]

 [[ 0.35621  0.      -0.0641 ]
  [ 0.      -0.05857  0.     ]
  [-0.0641   0.      -0.29764]]

 [[ 0.35621  0.      -0.0641 ]
  [ 0.      -0.05857  0.     ]
  [-0.0641   0.      -0.29764]]] [[[ 1.073  0.     0.   ]
  [ 0.     1.073  0.   ]
  [ 0.     0.     1.073]]

 [[ 0.496  0.     0.   ]
  [ 0.     0.496  0.   ]
  [ 0.     0.     0.496]]

 [[ 0.496  0.     0.   ]
  [ 0.     0.496  0.   ]
  [ 0.     0.     0.496]]

 [[ 1.334  0.     0.   ]
  [ 0.     1.334  0.   ]
  [ 0.     0.     1.334]]

 [[ 0.496  0.     0.   ]
  [ 0.     0.496  0.   ]
  [ 0.     0.     0.496]]

 [[ 0.496  0.     0.   ]
  [ 0.     0.496  0.   ]
  [ 0.     0.     0.496]]

 [[ 0.496  0.     0.   ]
  [ 0.     0.496  0.   ]
  [ 0.     0.     0.496]]]

Reading surface 0 from file methylamine_d04
