Run started on:
	Date: 2017/8/7
	Time: 17:24:9
['bond-cubic', '-2.55']
['bond-quartic', '3.793125']
['angle-cubic', '-0.014']
['angle-quartic', '0.000056']
['angle-pentic', '-0.0000007']
['angle-sextic', '0.000000022']
['opbendtype', 'ALLINGER']
['opbend-cubic', '-0.014']
['opbend-quartic', '0.000056']
['opbend-pentic', '-0.0000007']
['opbend-sextic', '0.000000022']
['torsionunit', '0.5']
['vdwtype', 'BUFFERED-14-7']
['radiusrule', 'CUBIC-MEAN']
['radiustype', 'R-MIN']
['radiussize', 'DIAMETER']
['epsilonrule', 'HHG']
['dielectric', '1.0']
['polarization', 'MUTUAL']
['vdw-13-scale', '0.0']
['vdw-14-scale', '1.0']
['vdw-15-scale', '1.0']
['mpole-12-scale', '0.0']
['mpole-13-scale', '0.0']
['mpole-14-scale', '0.4']
['mpole-15-scale', '0.8']
['polar-12-scale', '0.0']
['polar-13-scale', '0.0']
['polar-14-scale', '1.0']
['polar-15-scale', '1.0']
['direct-11-scale', '0.0']
['direct-12-scale', '1.0']
['direct-13-scale', '1.0']
['direct-14-scale', '1.0']
['mutual-11-scale', '1.0']
['mutual-12-scale', '1.0']
['mutual-13-scale', '1.0']
['mutual-14-scale', '1.0']
['atom', '65', '49', 'N', '"methylamine', 'N', '"', '7', '14.007', '3']
['atom', '66', '50', 'H', '"methylamine', 'H2N', '"', '1', '1.008', '1']
['atom', '67', '40', 'C', '"methylamine', 'CH3', '"', '6', '12.011', '4']
['atom', '68', '51', 'H', '"methylamine', 'H3C', '"', '1', '1.008', '1']
['polarize', '65', '1.0730', '0.3900', '66', '67']
['polarize', '66', '0.4960', '0.3900', '65']
['polarize', '67', '1.3340', '0.3900', '65', '68']
['polarize', '68', '0.4960', '0.3900', '67']
['#']
['#', 'Results', 'of', 'Electrostatic', 'Potential', 'Fitting']
['#']
['multipole', '65', '67', '66', '-0.28305']
['-0.16256', '0.00000', '0.32537']
['-0.37995']
['0.00000', '-0.63840']
['-0.37217', '0.00000', '1.01835']
['multipole', '66', '65', '67', '0.08170']
['0.00709', '0.00000', '-0.55765']
['0.35555']
['0.00000', '0.28280']
['-0.08321', '0.00000', '-0.63835']
['multipole', '67', '65', '68', '0.04051']
['0.16663', '0.00000', '0.38273']
['0.54761']
['0.00000', '0.27690']
['0.32235', '0.00000', '-0.82451']
['multipole', '68', '67', '65', '0.02638']
['-0.03951', '0.00000', '-0.19451']
['0.35621']
['0.00000', '-0.05857']
['-0.06410', '0.00000', '-0.29764']
['vdw', '49', '3.710', '0.1050']
['vdw', '50', '2.700', '0.0200', '0.91']
['vdw', '40', '3.820', '0.1010']
['vdw', '51', '2.780', '0.0260', '0.91']
['bond', '49', '50', '520.0', '1.0121']
['bond', '40', '49', '400.0', '1.4641']
['bond', '40', '51', '400.0', '1.0898']
['angle', '50', '49', '50', '35.00', '106.21']
['angle', '40', '49', '50', '35.00', '110.22']
['angle', '49', '40', '51', '50.60', '110.93']
['angle', '51', '40', '51', '34.50', '107.93']
['strbnd', '40', '49', '50', '7.20', '4.30']
['strbnd', '49', '40', '51', '18.70', '11.50']
['torsion', '51', '40', '49', '50', '0.000', '0.0', '1', '1.000', '180.0', '2', '0.500', '0.0', '3']
